Start time 1410461819
Looking at Data from y13m07.txt
/p/lscratche/adg/Watchboy/simplifiedData/y13m07/led_consolidated_y13m10_SPEFits.root
Warning in <TClass::TClass>: no dictionary for class SLMpodModuleData is available
Warning in <TClass::TClass>: no dictionary for class SLIsegModuleDataFrame_ROOT is available
Warning in <TClass::TClass>: no dictionary for class SLIsegModuleData is available
Warning in <TClass::TClass>: no dictionary for class SLIsegChannelModuleData is available
Warning in <TClass::TClass>: no dictionary for class SLCaen_V1495_MARS_Config is available
Warning in <TClass::TClass>: no dictionary for class SLSis3316ModuleData is available
77349 events in the file 1
day and hour 19.5417
2 entries in slowChain
get entry
0 PMTs excluded from run for bad fits
47407 single Target Events
24051 single Veto Events
Target: 16.3245 Hz, 0.98764% cut
Veto: 28.4313 Hz, 0.978474 % cut
All: 1277.87 Hz, 0.967498 % cut
956 events in 58.5622 s of data taking. Event rate is 1320.8 Hz
next event
4225549 events in the file 2
day and hour 19.5417
2 entries in slowChain
get entry
34 PMTs excluded from run for bad fits
675235 single Target Events
669472 single Veto Events
Target: 7.89354 Hz, 0.99328% cut
Veto: 16.9491 Hz, 0.985571 % cut
All: 1151.16 Hz, 0.979996 % cut
28395 events in 3597.25 s of data taking. Event rate is 1174.66 Hz
next event
3612278 events in the file 3
day and hour 21.5417
2 entries in slowChain
get entry
0 PMTs excluded from run for bad fits
2046939 single Target Events
1171517 single Veto Events
Target: 15.9889 Hz, 0.984068% cut
Veto: 48.055 Hz, 0.952115 % cut
All: 940.554 Hz, 0.937226 % cut
57552 events in 3599.5 s of data taking. Event rate is 1003.55 Hz
next event
3530743 events in the file 4
day and hour 21.5833
2 entries in slowChain
get entry
0 PMTs excluded from run for bad fits
1977066 single Target Events
1308510 single Veto Events
Target: 16.8538 Hz, 0.982817% cut
Veto: 27.4765 Hz, 0.971987 % cut
All: 938.392 Hz, 0.956709 % cut
60668 events in 3599.66 s of data taking. Event rate is 980.854 Hz
next event
3513968 events in the file 5
day and hour 21.6667
2 entries in slowChain
get entry
0 PMTs excluded from run for bad fits
1964666 single Target Events
1225138 single Veto Events
Target: 16.3547 Hz, 0.983254% cut
Veto: 38.9531 Hz, 0.960114 % cut
All: 922.773 Hz, 0.94487 % cut
58846 events in 3598.12 s of data taking. Event rate is 976.613 Hz
next event
3642988 events in the file 6
day and hour 21.8333
2 entries in slowChain
get entry
0 PMTs excluded from run for bad fits
2096247 single Target Events
1244563 single Veto Events
Target: 16.4491 Hz, 0.983761% cut
Veto: 35.4752 Hz, 0.964978 % cut
All: 962.538 Hz, 0.950237 % cut
59158 events in 3596.43 s of data taking. Event rate is 1012.95 Hz
next event
3658426 events in the file 7
day and hour 21.9167
2 entries in slowChain
get entry
0 PMTs excluded from run for bad fits
2037157 single Target Events
1269538 single Veto Events
Target: 16.5555 Hz, 0.983718% cut
Veto: 26.6273 Hz, 0.973813 % cut
All: 975.482 Hz, 0.95934 % cut
59565 events in 3597.89 s of data taking. Event rate is 1016.83 Hz
next event
3510386 events in the file 8
day and hour 22.0417
2 entries in slowChain
get entry
0 PMTs excluded from run for bad fits
1970150 single Target Events
1296200 single Veto Events
Target: 16.8901 Hz, 0.982677% cut
Veto: 27.4281 Hz, 0.971868 % cut
All: 932.586 Hz, 0.956516 % cut
60812 events in 3600.46 s of data taking. Event rate is 974.982 Hz
next event
3571818 events in the file 9
day and hour 22.4167
2 entries in slowChain
get entry
0 PMTs excluded from run for bad fits
2047434 single Target Events
1278266 single Veto Events
Target: 16.9005 Hz, 0.982971% cut
Veto: 27.4841 Hz, 0.972307 % cut
All: 950.005 Hz, 0.957221 % cut
60824 events in 3598.95 s of data taking. Event rate is 992.462 Hz
next event
3524814 events in the file 10
day and hour 22.4583
2 entries in slowChain
get entry
0 PMTs excluded from run for bad fits
2002056 single Target Events
1280048 single Veto Events
Target: 16.8948 Hz, 0.982751% cut
Veto: 27.1257 Hz, 0.972306 % cut
All: 937.332 Hz, 0.956959 % cut
60798 events in 3598.62 s of data taking. Event rate is 979.49 Hz
next event
3512611 events in the file 11
day and hour 22.5
2 entries in slowChain
get entry
0 PMTs excluded from run for bad fits
1923654 single Target Events
1246467 single Veto Events
Target: 16.3597 Hz, 0.983254% cut
Veto: 26.3226 Hz, 0.973056 % cut
All: 936.105 Hz, 0.958205 % cut
58822 events in 3595.54 s of data taking. Event rate is 976.935 Hz
next event
3581783 events in the file 12
day and hour 22.5417
2 entries in slowChain
get entry
0 PMTs excluded from run for bad fits
2053798 single Target Events
1235049 single Veto Events
Target: 16.3971 Hz, 0.983531% cut
Veto: 34.3561 Hz, 0.965492 % cut
All: 946.496 Hz, 0.950673 % cut
58990 events in 3597.59 s of data taking. Event rate is 995.606 Hz
next event
3594387 events in the file 13
day and hour 22.5833
2 entries in slowChain
get entry
0 PMTs excluded from run for bad fits
2067101 single Target Events
1283947 single Veto Events
Target: 17.0045 Hz, 0.982969% cut
Veto: 27.2258 Hz, 0.972732 % cut
All: 956.124 Hz, 0.957599 % cut
61215 events in 3599.93 s of data taking. Event rate is 998.46 Hz
next event
3524495 events in the file 14
day and hour 22.625
2 entries in slowChain
get entry
0 PMTs excluded from run for bad fits
1992863 single Target Events
1225357 single Veto Events
Target: 16.4872 Hz, 0.983162% cut
Veto: 35.9204 Hz, 0.963315 % cut
All: 928.309 Hz, 0.948068 % cut
59346 events in 3599.51 s of data taking. Event rate is 979.159 Hz
next event
3498495 events in the file 15
day and hour 22.6667
2 entries in slowChain
get entry
0 PMTs excluded from run for bad fits
1973823 single Target Events
1279745 single Veto Events
Target: 16.911 Hz, 0.982618% cut
Veto: 27.8802 Hz, 0.971344 % cut
All: 930.111 Hz, 0.956004 % cut
60810 events in 3595.89 s of data taking. Event rate is 972.916 Hz
next event
3500662 events in the file 16
day and hour 22.7083
2 entries in slowChain
get entry
0 PMTs excluded from run for bad fits
1976154 single Target Events
1279723 single Veto Events
Target: 16.8959 Hz, 0.982625% cut
Veto: 27.216 Hz, 0.972012 % cut
All: 930.208 Hz, 0.956598 % cut
60825 events in 3599.98 s of data taking. Event rate is 972.413 Hz
next event
3544629 events in the file 17
day and hour 22.75
2 entries in slowChain
get entry
0 PMTs excluded from run for bad fits
2017560 single Target Events
1282729 single Veto Events
Target: 16.8297 Hz, 0.982918% cut
Veto: 27.3983 Hz, 0.97219 % cut
All: 942.893 Hz, 0.957051 % cut
60551 events in 3597.86 s of data taking. Event rate is 985.206 Hz
next event
3580611 events in the file 18
day and hour 23.4167
2 entries in slowChain
get entry
0 PMTs excluded from run for bad fits
2065326 single Target Events
1268609 single Veto Events
Target: 17.0625 Hz, 0.982859% cut
Veto: 27.6263 Hz, 0.972246 % cut
All: 952.683 Hz, 0.957092 % cut
61377 events in 3597.18 s of data taking. Event rate is 995.393 Hz
next event
3553227 events in the file 19
day and hour 23.4583
2 entries in slowChain
get entry
0 PMTs excluded from run for bad fits
1985113 single Target Events
1229426 single Veto Events
Target: 16.3542 Hz, 0.983444% cut
Veto: 27.3911 Hz, 0.972271 % cut
All: 945.941 Hz, 0.957626 % cut
58828 events in 3597.12 s of data taking. Event rate is 987.798 Hz
next event
3574483 events in the file 20
day and hour 23.5
2 entries in slowChain
get entry
0 PMTs excluded from run for bad fits
2014108 single Target Events
1225730 single Veto Events
Target: 16.3891 Hz, 0.983497% cut
Veto: 26.4487 Hz, 0.973368 % cut
All: 952.089 Hz, 0.958692 % cut
58989 events in 3599.27 s of data taking. Event rate is 993.112 Hz
next event
3504865 events in the file 21
day and hour 23.5417
2 entries in slowChain
get entry
0 PMTs excluded from run for bad fits
2005632 single Target Events
1232257 single Veto Events
Target: 16.6555 Hz, 0.982891% cut
Veto: 30.4654 Hz, 0.968705 % cut
All: 928.142 Hz, 0.9534 % cut
59964 events in 3600.25 s of data taking. Event rate is 973.506 Hz
next event
3524459 events in the file 22
day and hour 23.5833
2 entries in slowChain
get entry
0 PMTs excluded from run for bad fits
1956986 single Target Events
1218858 single Veto Events
Target: 16.3318 Hz, 0.983323% cut
Veto: 26.2844 Hz, 0.973159 % cut
All: 938.508 Hz, 0.958371 % cut
58779 events in 3599.05 s of data taking. Event rate is 979.274 Hz
next event
3414341 events in the file 23
day and hour 23.625
2 entries in slowChain
get entry
0 PMTs excluded from run for bad fits
1913197 single Target Events
1259736 single Veto Events
Target: 16.7559 Hz, 0.98234% cut
Veto: 27.1299 Hz, 0.971407 % cut
All: 906.816 Hz, 0.955728 % cut
60296 events in 3598.5 s of data taking. Event rate is 948.823 Hz
next event
3380687 events in the file 24
day and hour 23.6667
2 entries in slowChain
get entry
0 PMTs excluded from run for bad fits
1884709 single Target Events
1253698 single Veto Events
Target: 16.7669 Hz, 0.982159% cut
Veto: 27.3107 Hz, 0.97094 % cut
All: 897.645 Hz, 0.955133 % cut
60314 events in 3597.2 s of data taking. Event rate is 939.811 Hz
next event
3402226 events in the file 25
day and hour 23.7083
2 entries in slowChain
get entry
0 PMTs excluded from run for bad fits
1905171 single Target Events
1255718 single Veto Events
Target: 16.5867 Hz, 0.982456% cut
Veto: 27.0892 Hz, 0.971348 % cut
All: 903.668 Hz, 0.955815 % cut
59688 events in 3598.55 s of data taking. Event rate is 945.443 Hz
next event
3411844 events in the file 26
day and hour 23.75
2 entries in slowChain
get entry
0 PMTs excluded from run for bad fits
1912287 single Target Events
1260855 single Veto Events
Target: 16.6927 Hz, 0.982405% cut
Veto: 26.9653 Hz, 0.971577 % cut
All: 906.943 Hz, 0.955961 % cut
60031 events in 3596.25 s of data taking. Event rate is 948.723 Hz
next event
3283133 events in the file 27
day and hour 24.4167
2 entries in slowChain
get entry
0 PMTs excluded from run for bad fits
1801880 single Target Events
1242396 single Veto Events
Target: 16.5476 Hz, 0.981875% cut
Veto: 26.9959 Hz, 0.97043 % cut
All: 871.322 Hz, 0.954401 % cut
59508 events in 3596.17 s of data taking. Event rate is 912.952 Hz
next event
3322195 events in the file 28
day and hour 24.4583
2 entries in slowChain
get entry
0 PMTs excluded from run for bad fits
1836082 single Target Events
1246891 single Veto Events
Target: 16.777 Hz, 0.981832% cut
Veto: 27.011 Hz, 0.970749 % cut
All: 881.543 Hz, 0.954653 % cut
60359 events in 3597.72 s of data taking. Event rate is 923.416 Hz
next event
3340227 events in the file 29
day and hour 24.5
2 entries in slowChain
get entry
0 PMTs excluded from run for bad fits
1851407 single Target Events
1151705 single Veto Events
Target: 16.0217 Hz, 0.982734% cut
Veto: 40.6823 Hz, 0.956158 % cut
All: 872.613 Hz, 0.940392 % cut
57673 events in 3599.68 s of data taking. Event rate is 927.924 Hz
next event
3384833 events in the file 30
day and hour 24.5417
2 entries in slowChain
get entry
0 PMTs excluded from run for bad fits
1892784 single Target Events
1250552 single Veto Events
Target: 16.7597 Hz, 0.982184% cut
Veto: 27.1457 Hz, 0.971144 % cut
All: 898.757 Hz, 0.955385 % cut
60303 events in 3598.1 s of data taking. Event rate is 940.728 Hz
next event
3340169 events in the file 31
day and hour 24.5833
2 entries in slowChain
get entry
0 PMTs excluded from run for bad fits
1845587 single Target Events
1254850 single Veto Events
Target: 16.6698 Hz, 0.982049% cut
Veto: 27.0147 Hz, 0.970909 % cut
All: 886.843 Hz, 0.955015 % cut
59960 events in 3596.93 s of data taking. Event rate is 928.616 Hz
next event
3325810 events in the file 32
day and hour 24.625
2 entries in slowChain
get entry
0 PMTs excluded from run for bad fits
1840890 single Target Events
1176019 single Veto Events
Target: 16.2413 Hz, 0.982421% cut
Veto: 36.8306 Hz, 0.960135 % cut
All: 872.362 Hz, 0.944224 % cut
58465 events in 3599.78 s of data taking. Event rate is 923.893 Hz
next event
3312601 events in the file 33
day and hour 24.6667
2 entries in slowChain
get entry
0 PMTs excluded from run for bad fits
1830892 single Target Events
1243118 single Veto Events
Target: 16.6132 Hz, 0.981944% cut
Veto: 26.8303 Hz, 0.97084 % cut
All: 878.554 Hz, 0.954845 % cut
59812 events in 3600.26 s of data taking. Event rate is 920.1 Hz
next event
3331312 events in the file 34
day and hour 24.7083
2 entries in slowChain
get entry
0 PMTs excluded from run for bad fits
1848499 single Target Events
1242610 single Veto Events
Target: 16.705 Hz, 0.98195% cut
Veto: 27.0711 Hz, 0.97075 % cut
All: 883.618 Hz, 0.954741 % cut
60129 events in 3599.45 s of data taking. Event rate is 925.505 Hz
next event
3285227 events in the file 35
day and hour 24.75
2 entries in slowChain
get entry
0 PMTs excluded from run for bad fits
1812515 single Target Events
1236629 single Veto Events
Target: 16.5412 Hz, 0.981893% cut
Veto: 26.7743 Hz, 0.970691 % cut
All: 872.087 Hz, 0.954648 % cut
59486 events in 3596.24 s of data taking. Event rate is 913.517 Hz
next event
3162970 events in the file 36
day and hour 25.4167
2 entries in slowChain
get entry
0 PMTs excluded from run for bad fits
1691479 single Target Events
1234878 single Veto Events
Target: 16.5255 Hz, 0.981204% cut
Veto: 26.8655 Hz, 0.969444 % cut
All: 837.72 Hz, 0.9528 % cut
59450 events in 3597.48 s of data taking. Event rate is 879.219 Hz
next event
3183792 events in the file 37
day and hour 25.4583
2 entries in slowChain
get entry
0 PMTs excluded from run for bad fits
1714809 single Target Events
1234803 single Veto Events
Target: 16.4498 Hz, 0.981424% cut
Veto: 26.7143 Hz, 0.969832 % cut
All: 844.235 Hz, 0.953372 % cut
59143 events in 3595.37 s of data taking. Event rate is 885.525 Hz
next event
3220235 events in the file 38
day and hour 25.5
2 entries in slowChain
get entry
0 PMTs excluded from run for bad fits
1750417 single Target Events
1232979 single Veto Events
Target: 16.5555 Hz, 0.981503% cut
Veto: 26.9054 Hz, 0.969939 % cut
All: 853.496 Hz, 0.953593 % cut
59565 events in 3597.9 s of data taking. Event rate is 895.032 Hz
next event
3187307 events in the file 39
day and hour 25.5417
2 entries in slowChain
get entry
0 PMTs excluded from run for bad fits
1696347 single Target Events
1250728 single Veto Events
Target: 16.4237 Hz, 0.981454% cut
Veto: 27.1814 Hz, 0.969306 % cut
All: 843.813 Hz, 0.952855 % cut
59112 events in 3599.19 s of data taking. Event rate is 885.563 Hz
next event
3145221 events in the file 40
day and hour 25.5833
2 entries in slowChain
get entry
0 PMTs excluded from run for bad fits
1668264 single Target Events
1240588 single Veto Events
Target: 16.4603 Hz, 0.981156% cut
Veto: 26.8083 Hz, 0.96931 % cut
All: 832.154 Hz, 0.952639 % cut
59267 events in 3600.61 s of data taking. Event rate is 873.526 Hz
next event
3177998 events in the file 41
day and hour 25.625
2 entries in slowChain
get entry
0 PMTs excluded from run for bad fits
1693464 single Target Events
1186764 single Veto Events
Target: 15.7954 Hz, 0.982127% cut
Veto: 35.1829 Hz, 0.96019 % cut
All: 834.171 Hz, 0.94387 % cut
56799 events in 3595.93 s of data taking. Event rate is 883.777 Hz
next event
3195845 events in the file 42
day and hour 25.6667
2 entries in slowChain
get entry
0 PMTs excluded from run for bad fits
1734357 single Target Events
1226419 single Veto Events
Target: 16.4289 Hz, 0.981518% cut
Veto: 26.883 Hz, 0.969757 % cut
All: 847.517 Hz, 0.953454 % cut
59067 events in 3595.31 s of data taking. Event rate is 888.892 Hz
next event
3145443 events in the file 43
day and hour 25.7083
2 entries in slowChain
get entry
0 PMTs excluded from run for bad fits
1685857 single Target Events
1225658 single Veto Events
Target: 16.3219 Hz, 0.981315% cut
Veto: 26.7081 Hz, 0.969424 % cut
All: 832.31 Hz, 0.952837 % cut
58774 events in 3600.93 s of data taking. Event rate is 873.507 Hz
next event
3076738 events in the file 44
day and hour 26.4167
2 entries in slowChain
get entry
0 PMTs excluded from run for bad fits
1631242 single Target Events
1211060 single Veto Events
Target: 16.4701 Hz, 0.980731% cut
Veto: 26.5186 Hz, 0.968975 % cut
All: 813.694 Hz, 0.951961 % cut
59285 events in 3599.55 s of data taking. Event rate is 854.756 Hz
next event
3044103 events in the file 45
day and hour 26.4583
2 entries in slowChain
get entry
0 PMTs excluded from run for bad fits
1598137 single Target Events
1212686 single Veto Events
Target: 16.4377 Hz, 0.98058% cut
Veto: 26.6831 Hz, 0.968476 % cut
All: 805.249 Hz, 0.951337 % cut
59116 events in 3596.36 s of data taking. Event rate is 846.44 Hz
next event
3023678 events in the file 46
day and hour 26.5
2 entries in slowChain
get entry
0 PMTs excluded from run for bad fits
1573686 single Target Events
1214782 single Veto Events
Target: 16.4939 Hz, 0.980359% cut
Veto: 26.6597 Hz, 0.968254 % cut
All: 798.522 Hz, 0.950881 % cut
59388 events in 3600.6 s of data taking. Event rate is 839.771 Hz
next event
3004234 events in the file 47
day and hour 26.5417
2 entries in slowChain
get entry
0 PMTs excluded from run for bad fits
1564461 single Target Events
1209039 single Veto Events
Target: 16.3765 Hz, 0.980397% cut
Veto: 26.5562 Hz, 0.968211 % cut
All: 794.327 Hz, 0.950841 % cut
58893 events in 3596.19 s of data taking. Event rate is 835.395 Hz
next event
3001778 events in the file 48
day and hour 26.5833
2 entries in slowChain
get entry
0 PMTs excluded from run for bad fits
1495406 single Target Events
1169978 single Veto Events
Target: 15.7384 Hz, 0.981129% cut
Veto: 25.5798 Hz, 0.969329 % cut
All: 794.521 Hz, 0.952651 % cut
56646 events in 3599.21 s of data taking. Event rate is 834.01 Hz
next event
3034125 events in the file 49
day and hour 26.625
2 entries in slowChain
get entry
0 PMTs excluded from run for bad fits
1574668 single Target Events
1224347 single Veto Events
Target: 16.3795 Hz, 0.980585% cut
Veto: 26.9693 Hz, 0.968032 % cut
All: 802.211 Hz, 0.9509 % cut
58909 events in 3596.5 s of data taking. Event rate is 843.633 Hz
next event
3011486 events in the file 50
day and hour 26.6667
2 entries in slowChain
get entry
0 PMTs excluded from run for bad fits
1569082 single Target Events
1210576 single Veto Events
Target: 16.4768 Hz, 0.980324% cut
Veto: 26.7637 Hz, 0.96804 % cut
All: 796.05 Hz, 0.950616 % cut
59254 events in 3596.21 s of data taking. Event rate is 837.405 Hz
next event
3052693 events in the file 51
day and hour 26.7083
2 entries in slowChain
get entry
0 PMTs excluded from run for bad fits
1608296 single Target Events
1213123 single Veto Events
Target: 16.3085 Hz, 0.980763% cut
Veto: 26.4365 Hz, 0.968817 % cut
All: 806.929 Hz, 0.951816 % cut
58724 events in 3600.82 s of data taking. Event rate is 847.778 Hz
next event
2833423 events in the file 52
day and hour 28.7917
2 entries in slowChain
get entry
0 PMTs excluded from run for bad fits
1408754 single Target Events
1194805 single Veto Events
Target: 16.2826 Hz, 0.979332% cut
Veto: 26.4158 Hz, 0.96647 % cut
All: 747.035 Hz, 0.948217 % cut
58560 events in 3596.48 s of data taking. Event rate is 787.832 Hz
next event
2845103 events in the file 53
day and hour 28.8333
2 entries in slowChain
get entry
0 PMTs excluded from run for bad fits
1433085 single Target Events
1162236 single Veto Events
Target: 16.1515 Hz, 0.979584% cut
Veto: 29.1124 Hz, 0.9632 % cut
All: 747.601 Hz, 0.945011 % cut
58087 events in 3596.38 s of data taking. Event rate is 791.102 Hz
next event
2814110 events in the file 54
day and hour 28.875
2 entries in slowChain
get entry
0 PMTs excluded from run for bad fits
1412720 single Target Events
1173322 single Veto Events
Target: 16.2631 Hz, 0.979224% cut
Veto: 26.2966 Hz, 0.966406 % cut
All: 742.112 Hz, 0.94806 % cut
58467 events in 3595.07 s of data taking. Event rate is 782.769 Hz
next event
2822671 events in the file 55
day and hour 28.9167
2 entries in slowChain
get entry
0 PMTs excluded from run for bad fits
1411077 single Target Events
1182296 single Veto Events
Target: 16.3189 Hz, 0.979195% cut
Veto: 26.3545 Hz, 0.966401 % cut
All: 743.596 Hz, 0.948003 % cut
58725 events in 3598.59 s of data taking. Event rate is 784.382 Hz
next event
2868896 events in the file 56
day and hour 28.9583
2 entries in slowChain
get entry
0 PMTs excluded from run for bad fits
1447677 single Target Events
1191524 single Veto Events
Target: 16.3091 Hz, 0.979536% cut
Veto: 26.3628 Hz, 0.966921 % cut
All: 756.194 Hz, 0.948841 % cut
58709 events in 3599.77 s of data taking. Event rate is 796.966 Hz
next event
2898737 events in the file 57
day and hour 29
2 entries in slowChain
get entry
0 PMTs excluded from run for bad fits
1476665 single Target Events
1175862 single Veto Events
Target: 16.2354 Hz, 0.97986% cut
Veto: 28.6623 Hz, 0.964444 % cut
All: 763.058 Hz, 0.946581 % cut
58381 events in 3595.91 s of data taking. Event rate is 806.121 Hz
next event
2924502 events in the file 58
day and hour 29.0417
2 entries in slowChain
get entry
0 PMTs excluded from run for bad fits
1515677 single Target Events
1150862 single Veto Events
Target: 16.2595 Hz, 0.980016% cut
Veto: 30.0828 Hz, 0.963027 % cut
All: 769.054 Hz, 0.945212 % cut
58443 events in 3594.38 s of data taking. Event rate is 813.631 Hz
next event
2971573 events in the file 59
day and hour 29.0833
2 entries in slowChain
get entry
0 PMTs excluded from run for bad fits
1531195 single Target Events
1171984 single Veto Events
Target: 16.1325 Hz, 0.980457% cut
Veto: 25.886 Hz, 0.968642 % cut
All: 785.38 Hz, 0.951392 % cut
58072 events in 3599.7 s of data taking. Event rate is 825.506 Hz
next event
2931915 events in the file 60
day and hour 29.125
2 entries in slowChain
get entry
0 PMTs excluded from run for bad fits
1517054 single Target Events
1184431 single Veto Events
Target: 16.395 Hz, 0.979894% cut
Veto: 26.3745 Hz, 0.967656 % cut
All: 774.584 Hz, 0.94991 % cut
58949 events in 3595.55 s of data taking. Event rate is 815.429 Hz
next event
2898972 events in the file 61
day and hour 29.1667
2 entries in slowChain
get entry
0 PMTs excluded from run for bad fits
1496063 single Target Events
1173616 single Veto Events
Target: 16.3364 Hz, 0.979725% cut
Veto: 26.1326 Hz, 0.967567 % cut
All: 765.185 Hz, 0.949672 % cut
58777 events in 3597.92 s of data taking. Event rate is 805.736 Hz
next event
3046147 events in the file 62
day and hour 29.2083
2 entries in slowChain
get entry
0 PMTs excluded from run for bad fits
1500010 single Target Events
1285361 single Veto Events
Target: 16.1107 Hz, 0.98098% cut
Veto: 31.2184 Hz, 0.963144 % cut
All: 801.611 Hz, 0.946373 % cut
57938 events in 3596.25 s of data taking. Event rate is 847.035 Hz
next event
2890046 events in the file 63
day and hour 29.25
2 entries in slowChain
get entry
0 PMTs excluded from run for bad fits
1425745 single Target Events
1131049 single Veto Events
Target: 15.5996 Hz, 0.980589% cut
Veto: 25.1472 Hz, 0.968709 % cut
All: 764.77 Hz, 0.951609 % cut
56098 events in 3596.11 s of data taking. Event rate is 803.66 Hz
next event
2897606 events in the file 64
day and hour 29.5417
2 entries in slowChain
get entry
0 PMTs excluded from run for bad fits
1485100 single Target Events
1180876 single Veto Events
Target: 16.2502 Hz, 0.979807% cut
Veto: 26.4193 Hz, 0.967171 % cut
All: 763.979 Hz, 0.949325 % cut
58510 events in 3600.58 s of data taking. Event rate is 804.76 Hz
next event
2888696 events in the file 65
day and hour 29.5833
2 entries in slowChain
get entry
0 PMTs excluded from run for bad fits
1483438 single Target Events
1175853 single Veto Events
Target: 16.4622 Hz, 0.979503% cut
Veto: 26.1375 Hz, 0.967456 % cut
All: 762.434 Hz, 0.949327 % cut
59211 events in 3596.79 s of data taking. Event rate is 803.132 Hz
next event
2776722 events in the file 66
day and hour 29.8333
2 entries in slowChain
get entry
0 PMTs excluded from run for bad fits
1367490 single Target Events
1182368 single Veto Events
Target: 16.187 Hz, 0.979029% cut
Veto: 25.9942 Hz, 0.966324 % cut
All: 731.619 Hz, 0.947837 % cut
58230 events in 3597.34 s of data taking. Event rate is 771.883 Hz
next event
2765652 events in the file 67
day and hour 29.875
2 entries in slowChain
get entry
0 PMTs excluded from run for bad fits
1359539 single Target Events
1173417 single Veto Events
Target: 16.1854 Hz, 0.978932% cut
Veto: 26.4746 Hz, 0.965539 % cut
All: 727.497 Hz, 0.946965 % cut
58267 events in 3599.98 s of data taking. Event rate is 768.241 Hz
next event
2789292 events in the file 68
day and hour 29.9167
2 entries in slowChain
get entry
0 PMTs excluded from run for bad fits
1379412 single Target Events
1183583 single Veto Events
Target: 16.1516 Hz, 0.979185% cut
Veto: 26.1179 Hz, 0.966341 % cut
All: 735.576 Hz, 0.947972 % cut
58060 events in 3594.69 s of data taking. Event rate is 775.947 Hz
next event
2783817 events in the file 69
day and hour 29.9583
2 entries in slowChain
get entry
0 PMTs excluded from run for bad fits
1388542 single Target Events
1167867 single Veto Events
Target: 16.1643 Hz, 0.979115% cut
Veto: 26.1299 Hz, 0.966238 % cut
All: 733.546 Hz, 0.947789 % cut
58141 events in 3596.87 s of data taking. Event rate is 773.956 Hz
next event
2750091 events in the file 70
day and hour 30
2 entries in slowChain
get entry
0 PMTs excluded from run for bad fits
1352638 single Target Events
1171670 single Veto Events
Target: 16.0479 Hz, 0.979005% cut
Veto: 25.7911 Hz, 0.966259 % cut
All: 724.434 Hz, 0.947737 % cut
57737 events in 3597.79 s of data taking. Event rate is 764.383 Hz
next event
2767497 events in the file 71
day and hour 30.0417
2 entries in slowChain
get entry
0 PMTs excluded from run for bad fits
1369826 single Target Events
1170592 single Veto Events
Target: 16.2678 Hz, 0.978858% cut
Veto: 25.9133 Hz, 0.966323 % cut
All: 729.18 Hz, 0.947654 % cut
58510 events in 3596.68 s of data taking. Event rate is 769.458 Hz
next event
2754445 events in the file 72
day and hour 30.0833
2 entries in slowChain
get entry
0 PMTs excluded from run for bad fits
1369600 single Target Events
1160288 single Veto Events
Target: 16.0407 Hz, 0.979038% cut
Veto: 25.8316 Hz, 0.966243 % cut
All: 725.257 Hz, 0.947774 % cut
57739 events in 3599.54 s of data taking. Event rate is 765.222 Hz
next event
2768569 events in the file 73
day and hour 30.125
2 entries in slowChain
get entry
0 PMTs excluded from run for bad fits
1368845 single Target Events
1171467 single Veto Events
Target: 16.2037 Hz, 0.978928% cut
Veto: 26.0346 Hz, 0.966144 % cut
All: 728.65 Hz, 0.947546 % cut
58338 events in 3600.28 s of data taking. Event rate is 768.986 Hz
next event
2759968 events in the file 74
day and hour 30.1667
2 entries in slowChain
get entry
0 PMTs excluded from run for bad fits
1360089 single Target Events
1173170 single Veto Events
Target: 16.2239 Hz, 0.978868% cut
Veto: 26.193 Hz, 0.965882 % cut
All: 727.184 Hz, 0.947195 % cut
58325 events in 3595 s of data taking. Event rate is 767.724 Hz
next event
3003074 events in the file 75
day and hour 30.2083
2 entries in slowChain
get entry
0 PMTs excluded from run for bad fits
1350731 single Target Events
1237633 single Veto Events
Target: 16.2206 Hz, 0.980581% cut
Veto: 38.8462 Hz, 0.953495 % cut
All: 782.146 Hz, 0.93636 % cut
58316 events in 3595.18 s of data taking. Event rate is 835.306 Hz
next event
2786281 events in the file 76
day and hour 30.25
2 entries in slowChain
get entry
0 PMTs excluded from run for bad fits
1373875 single Target Events
1183918 single Veto Events
Target: 16.2602 Hz, 0.978992% cut
Veto: 26.2529 Hz, 0.966082 % cut
All: 733.423 Hz, 0.947572 % cut
58534 events in 3599.83 s of data taking. Event rate is 774.003 Hz
next event
2782503 events in the file 77
day and hour 30.2917
2 entries in slowChain
get entry
0 PMTs excluded from run for bad fits
1357167 single Target Events
1158885 single Veto Events
Target: 16.0527 Hz, 0.979242% cut
Veto: 25.7708 Hz, 0.966675 % cut
All: 733.348 Hz, 0.948316 % cut
57760 events in 3598.14 s of data taking. Event rate is 773.317 Hz
next event
2761234 events in the file 78
day and hour 30.3333
2 entries in slowChain
get entry
0 PMTs excluded from run for bad fits
1370249 single Target Events
1164594 single Veto Events
Target: 16.053 Hz, 0.979079% cut
Veto: 25.8554 Hz, 0.966305 % cut
All: 727.33 Hz, 0.947874 % cut
57767 events in 3598.51 s of data taking. Event rate is 767.327 Hz
next event
2792254 events in the file 79
day and hour 30.375
2 entries in slowChain
get entry
0 PMTs excluded from run for bad fits
1336467 single Target Events
1122938 single Veto Events
Target: 15.6164 Hz, 0.979862% cut
Veto: 24.9563 Hz, 0.967817 % cut
All: 736.694 Hz, 0.950008 % cut
56231 events in 3600.77 s of data taking. Event rate is 775.46 Hz
next event
2744552 events in the file 80
day and hour 30.4167
2 entries in slowChain
get entry
0 PMTs excluded from run for bad fits
1361736 single Target Events
1157018 single Veto Events
Target: 16.1426 Hz, 0.978854% cut
Veto: 25.8958 Hz, 0.966078 % cut
All: 723.254 Hz, 0.947436 % cut
58037 events in 3595.26 s of data taking. Event rate is 763.381 Hz
next event
2724469 events in the file 81
day and hour 30.4583
2 entries in slowChain
get entry
0 PMTs excluded from run for bad fits
1337695 single Target Events
1159451 single Veto Events
Target: 16.1834 Hz, 0.978622% cut
Veto: 25.9261 Hz, 0.965752 % cut
All: 716.776 Hz, 0.946856 % cut
58244 events in 3599 s of data taking. Event rate is 757.007 Hz
next event
2764124 events in the file 82
day and hour 30.5
2 entries in slowChain
get entry
0 PMTs excluded from run for bad fits
1355090 single Target Events
1180068 single Veto Events
Target: 16.2748 Hz, 0.978819% cut
Veto: 26.354 Hz, 0.965701 % cut
All: 727.617 Hz, 0.946966 % cut
58547 events in 3597.4 s of data taking. Event rate is 768.366 Hz
next event
2755164 events in the file 83
day and hour 30.5417
2 entries in slowChain
get entry
0 PMTs excluded from run for bad fits
1344463 single Target Events
1180806 single Veto Events
Target: 16.0022 Hz, 0.979108% cut
Veto: 26.4046 Hz, 0.965526 % cut
All: 725.424 Hz, 0.947112 % cut
57562 events in 3597.13 s of data taking. Event rate is 765.933 Hz
next event
2862937 events in the file 84
day and hour 30.5833
2 entries in slowChain
get entry
0 PMTs excluded from run for bad fits
1362597 single Target Events
1177379 single Veto Events
Target: 15.7293 Hz, 0.980216% cut
Veto: 26.0889 Hz, 0.967186 % cut
All: 755.061 Hz, 0.949695 % cut
56640 events in 3600.92 s of data taking. Event rate is 795.057 Hz
next event
2749795 events in the file 85
day and hour 30.625
2 entries in slowChain
get entry
0 PMTs excluded from run for bad fits
1351736 single Target Events
1170521 single Veto Events
Target: 16.2545 Hz, 0.978751% cut
Veto: 26.185 Hz, 0.965769 % cut
All: 724.446 Hz, 0.947057 % cut
58431 events in 3594.76 s of data taking. Event rate is 764.944 Hz
next event
2798354 events in the file 86
day and hour 30.6667
2 entries in slowChain
get entry
0 PMTs excluded from run for bad fits
1353217 single Target Events
1209073 single Veto Events
Target: 16.0768 Hz, 0.979337% cut
Veto: 27.5145 Hz, 0.964636 % cut
All: 736.353 Hz, 0.946424 % cut
57823 events in 3596.68 s of data taking. Event rate is 778.037 Hz
next event
2758051 events in the file 87
day and hour 30.7083
2 entries in slowChain
get entry
0 PMTs excluded from run for bad fits
1358160 single Target Events
1171270 single Veto Events
Target: 16.1743 Hz, 0.978896% cut
Veto: 26.2201 Hz, 0.965789 % cut
All: 725.901 Hz, 0.94713 % cut
58205 events in 3598.61 s of data taking. Event rate is 766.422 Hz
next event
2767949 events in the file 88
day and hour 30.75
2 entries in slowChain
get entry
0 PMTs excluded from run for bad fits
1367880 single Target Events
1173386 single Veto Events
Target: 16.2266 Hz, 0.978897% cut
Veto: 26.0985 Hz, 0.966058 % cut
All: 728.468 Hz, 0.947402 % cut
58413 events in 3599.83 s of data taking. Event rate is 768.912 Hz
next event
2745707 events in the file 89
day and hour 30.7917
2 entries in slowChain
get entry
0 PMTs excluded from run for bad fits
1303055 single Target Events
1127239 single Veto Events
Target: 15.6434 Hz, 0.979511% cut
Veto: 25.118 Hz, 0.967102 % cut
All: 724.593 Hz, 0.949026 % cut
56256 events in 3596.15 s of data taking. Event rate is 763.513 Hz
next event
2749069 events in the file 90
day and hour 30.8333
2 entries in slowChain
get entry
0 PMTs excluded from run for bad fits
1354983 single Target Events
1166866 single Veto Events
Target: 16.1483 Hz, 0.978867% cut
Veto: 26.0294 Hz, 0.965936 % cut
All: 723.863 Hz, 0.947288 % cut
58095 events in 3597.59 s of data taking. Event rate is 764.142 Hz
next event
2765095 events in the file 91
day and hour 30.875
2 entries in slowChain
get entry
0 PMTs excluded from run for bad fits
1372937 single Target Events
1165762 single Veto Events
Target: 16.0631 Hz, 0.979093% cut
Veto: 26.0577 Hz, 0.966084 % cut
All: 728.04 Hz, 0.947589 % cut
57810 events in 3598.94 s of data taking. Event rate is 768.308 Hz
next event
2755827 events in the file 92
day and hour 30.9167
2 entries in slowChain
get entry
0 PMTs excluded from run for bad fits
1353299 single Target Events
1173252 single Veto Events
Target: 16.2002 Hz, 0.978853% cut
Veto: 26.1166 Hz, 0.965908 % cut
All: 725.636 Hz, 0.947224 % cut
58278 events in 3597.37 s of data taking. Event rate is 766.066 Hz
next event
2751825 events in the file 93
day and hour 30.9583
2 entries in slowChain
get entry
0 PMTs excluded from run for bad fits
1357748 single Target Events
1167805 single Veto Events
Target: 16.1575 Hz, 0.978886% cut
Veto: 26.0849 Hz, 0.965914 % cut
All: 724.911 Hz, 0.947267 % cut
58101 events in 3595.91 s of data taking. Event rate is 765.266 Hz
next event
2746470 events in the file 94
day and hour 31
2 entries in slowChain
get entry
0 PMTs excluded from run for bad fits
1348038 single Target Events
1129202 single Veto Events
Target: 15.7582 Hz, 0.979355% cut
Veto: 31.7904 Hz, 0.95835 % cut
All: 717.37 Hz, 0.939853 % cut
56702 events in 3598.25 s of data taking. Event rate is 763.279 Hz
next event
2748711 events in the file 95
day and hour 31.0417
2 entries in slowChain
get entry
0 PMTs excluded from run for bad fits
1347449 single Target Events
1169721 single Veto Events
Target: 16.0761 Hz, 0.978951% cut
Veto: 26.7648 Hz, 0.964956 % cut
All: 722.856 Hz, 0.946468 % cut
57858 events in 3599.01 s of data taking. Event rate is 763.74 Hz
next event
2755498 events in the file 96
day and hour 31.0833
2 entries in slowChain
get entry
0 PMTs excluded from run for bad fits
1300856 single Target Events
1122165 single Veto Events
Target: 15.5463 Hz, 0.979689% cut
Veto: 24.9454 Hz, 0.96741 % cut
All: 726.783 Hz, 0.949513 % cut
55966 events in 3599.95 s of data taking. Event rate is 765.427 Hz
next event
2713108 events in the file 97
day and hour 31.125
2 entries in slowChain
get entry
0 PMTs excluded from run for bad fits
1332877 single Target Events
1154124 single Veto Events
Target: 16.091 Hz, 0.978672% cut
Veto: 25.9629 Hz, 0.965587 % cut
All: 714.3 Hz, 0.946772 % cut
57865 events in 3596.1 s of data taking. Event rate is 754.459 Hz
next event
2757970 events in the file 98
day and hour 31.1667
2 entries in slowChain
get entry
0 PMTs excluded from run for bad fits
1362204 single Target Events
1165375 single Veto Events
Target: 16.0911 Hz, 0.979006% cut
Veto: 26.5905 Hz, 0.965307 % cut
All: 725.625 Hz, 0.946742 % cut
57902 events in 3598.4 s of data taking. Event rate is 766.444 Hz
next event
3202814 events in the file 99
day and hour 31.2083
2 entries in slowChain
get entry
0 PMTs excluded from run for bad fits
1363031 single Target Events
1243177 single Veto Events
Target: 15.9665 Hz, 0.982062% cut
Veto: 51.9317 Hz, 0.941657 % cut
All: 823.876 Hz, 0.92559 % cut
57451 events in 3598.23 s of data taking. Event rate is 890.109 Hz
next event
2741875 events in the file 100
day and hour 31.25
2 entries in slowChain
get entry
0 PMTs excluded from run for bad fits
1351600 single Target Events
1164750 single Veto Events
Target: 16.0302 Hz, 0.978984% cut
Veto: 25.991 Hz, 0.965925 % cut
All: 722.595 Hz, 0.947352 % cut
57624 events in 3594.71 s of data taking. Event rate is 762.752 Hz
next event
2751501 events in the file 101
day and hour 31.2917
2 entries in slowChain
get entry
0 PMTs excluded from run for bad fits
1358790 single Target Events
1166492 single Veto Events
Target: 16.0739 Hz, 0.979002% cut
Veto: 26.0024 Hz, 0.966032 % cut
All: 725.32 Hz, 0.947516 % cut
57776 events in 3594.4 s of data taking. Event rate is 765.496 Hz
next event
2780615 events in the file 102
day and hour 31.3333
2 entries in slowChain
get entry
0 PMTs excluded from run for bad fits
1375725 single Target Events
1177754 single Veto Events
Target: 16.062 Hz, 0.979232% cut
Veto: 26.1649 Hz, 0.966169 % cut
All: 733.038 Hz, 0.947812 % cut
57748 events in 3595.31 s of data taking. Event rate is 773.4 Hz
next event
2751282 events in the file 103
day and hour 31.375
2 entries in slowChain
get entry
0 PMTs excluded from run for bad fits
1364737 single Target Events
1158875 single Veto Events
Target: 16.0887 Hz, 0.978952% cut
Veto: 25.9784 Hz, 0.966014 % cut
All: 724.243 Hz, 0.947474 % cut
57908 events in 3599.3 s of data taking. Event rate is 764.393 Hz
next event
2758707 events in the file 104
day and hour 31.4167
2 entries in slowChain
get entry
0 PMTs excluded from run for bad fits
1356498 single Target Events
1174949 single Veto Events
Target: 16.0409 Hz, 0.979091% cut
Veto: 26.3084 Hz, 0.965708 % cut
All: 726.742 Hz, 0.947284 % cut
57681 events in 3595.88 s of data taking. Event rate is 767.186 Hz
next event
2759837 events in the file 105
day and hour 31.4583
2 entries in slowChain
get entry
0 PMTs excluded from run for bad fits
1352335 single Target Events
1100611 single Veto Events
Target: 15.68 Hz, 0.979547% cut
Veto: 36.9875 Hz, 0.951753 % cut
All: 715.476 Hz, 0.933271 % cut
56447 events in 3599.94 s of data taking. Event rate is 766.633 Hz
next event
2765606 events in the file 106
day and hour 31.5
2 entries in slowChain
get entry
0 PMTs excluded from run for bad fits
1310661 single Target Events
1139789 single Veto Events
Target: 15.6688 Hz, 0.979601% cut
Veto: 25.4717 Hz, 0.966839 % cut
All: 728.839 Hz, 0.948857 % cut
56415 events in 3600.47 s of data taking. Event rate is 768.124 Hz
next event
2759537 events in the file 107
day and hour 31.5417
2 entries in slowChain
get entry
0 PMTs excluded from run for bad fits
1357434 single Target Events
1173131 single Veto Events
Target: 16.2839 Hz, 0.978758% cut
Veto: 26.2425 Hz, 0.965768 % cut
All: 725.98 Hz, 0.947011 % cut
58617 events in 3599.7 s of data taking. Event rate is 766.602 Hz
next event
2789354 events in the file 108
day and hour 31.5833
2 entries in slowChain
get entry
0 PMTs excluded from run for bad fits
1308150 single Target Events
1160050 single Veto Events
Target: 15.4467 Hz, 0.980071% cut
Veto: 25.8884 Hz, 0.966599 % cut
All: 735.545 Hz, 0.94898 % cut
55589 events in 3598.75 s of data taking. Event rate is 775.089 Hz
next event
2759925 events in the file 109
day and hour 31.625
2 entries in slowChain
get entry
0 PMTs excluded from run for bad fits
1367509 single Target Events
1164091 single Veto Events
Target: 16.1276 Hz, 0.97898% cut
Veto: 26.1243 Hz, 0.965951 % cut
All: 726.901 Hz, 0.947417 % cut
58014 events in 3597.19 s of data taking. Event rate is 767.245 Hz
next event
2743182 events in the file 110
day and hour 31.6667
2 entries in slowChain
get entry
0 PMTs excluded from run for bad fits
1352175 single Target Events
1115899 single Veto Events
Target: 15.8507 Hz, 0.979214% cut
Veto: 32.9771 Hz, 0.956755 % cut
All: 715.416 Hz, 0.938172 % cut
57020 events in 3597.31 s of data taking. Event rate is 762.564 Hz
next event
2728105 events in the file 111
day and hour 31.7083
2 entries in slowChain
get entry
0 PMTs excluded from run for bad fits
1356564 single Target Events
1145443 single Veto Events
Target: 16.1586 Hz, 0.978702% cut
Veto: 25.9212 Hz, 0.965834 % cut
All: 718.52 Hz, 0.947066 % cut
58104 events in 3595.86 s of data taking. Event rate is 758.679 Hz
next event
2738099 events in the file 112
day and hour 31.75
2 entries in slowChain
get entry
0 PMTs excluded from run for bad fits
1354559 single Target Events
1156015 single Veto Events
Target: 16.1778 Hz, 0.978748% cut
Veto: 26.0653 Hz, 0.96576 % cut
All: 720.882 Hz, 0.946972 % cut
58189 events in 3596.85 s of data taking. Event rate is 761.249 Hz
next event
2722110 events in the file 113
day and hour 31.7917
2 entries in slowChain
get entry
0 PMTs excluded from run for bad fits
1345478 single Target Events
1151933 single Veto Events
Target: 16.1679 Hz, 0.978649% cut
Veto: 25.9069 Hz, 0.965787 % cut
All: 717.021 Hz, 0.946903 % cut
58121 events in 3594.84 s of data taking. Event rate is 757.228 Hz
next event
2730397 events in the file 114
day and hour 31.8333
2 entries in slowChain
get entry
0 PMTs excluded from run for bad fits
1347908 single Target Events
1154764 single Veto Events
Target: 16.2467 Hz, 0.978592% cut
Veto: 26.1608 Hz, 0.965529 % cut
All: 718.461 Hz, 0.946681 % cut
58451 events in 3597.71 s of data taking. Event rate is 758.926 Hz
next event
2744331 events in the file 115
day and hour 31.875
2 entries in slowChain
get entry
0 PMTs excluded from run for bad fits
1348870 single Target Events
1169299 single Veto Events
Target: 16.211 Hz, 0.978764% cut
Veto: 25.9687 Hz, 0.965982 % cut
All: 723.112 Hz, 0.947251 % cut
58278 events in 3594.98 s of data taking. Event rate is 763.38 Hz
next event
2728553 events in the file 116
day and hour 31.9167
2 entries in slowChain
get entry
0 PMTs excluded from run for bad fits
1344811 single Target Events
1155432 single Veto Events
Target: 16.0676 Hz, 0.978801% cut
Veto: 26.0098 Hz, 0.965684 % cut
All: 717.763 Hz, 0.946978 % cut
57842 events in 3599.91 s of data taking. Event rate is 757.951 Hz
next event
2754512 events in the file 117
day and hour 31.9583
2 entries in slowChain
get entry
0 PMTs excluded from run for bad fits
1365584 single Target Events
1161883 single Veto Events
Target: 16.2134 Hz, 0.978825% cut
Veto: 26.0122 Hz, 0.966027 % cut
All: 725.319 Hz, 0.947285 % cut
58327 events in 3597.46 s of data taking. Event rate is 765.682 Hz
next event
417404 live seconds in y13m07
Stop time 1410484138
CPU time: 22319 seconds
